flatpak: /opt/apps/apps/binapps/anaconda3/2023.09/lib/libcrypto.so.3: version `OPENSSL_3.4.0' not found (required by /lib64/libostree-1.so.1)
flatpak: /opt/apps/apps/binapps/anaconda3/2023.09/lib/libcrypto.so.3: version `OPENSSL_3.4.0' not found (required by /lib64/librpmio.so.9)
Loading apps/binapps/pytorch/2.3.0-311-gpu-cu121
  Loading requirement: apps/binapps/anaconda3/2023.09
Using device: cuda
Data loaded successfully. Columns: ['REVIEW', 'RATING', 'PRODUCT_TYPE', 'HELPFUL']
TFIDF Model: Mean accuracy=0.8428, 95% CI=(0.8358, 0.8491)
Data loaded successfully. Columns: ['REVIEW', 'RATING', 'PRODUCT_TYPE', 'HELPFUL']
Count Model: Mean accuracy=0.8631, 95% CI=(0.8566, 0.8696)
Data loaded successfully. Columns: ['REVIEW', 'RATING', 'PRODUCT_TYPE', 'HELPFUL']
Data loaded successfully. Columns: ['REVIEW', 'RATING', 'PRODUCT_TYPE', 'HELPFUL']
Mean AUC model 1 (TFIDF): 0.9262
Mean AUC model 2 (Count): 0.9285
AUC Differences: [ 4.50025105e-03  8.53727130e-04  1.75281707e-03  4.55155447e-03
  2.82182517e-03  4.12086760e-03  1.25819537e-03  1.58142649e-03
  6.04291332e-04  3.48134226e-04  3.37476957e-03  3.79798374e-03
 -1.60460465e-04  4.23883439e-03  2.59922563e-03  2.68402877e-03
  2.14187001e-03 -2.71015507e-04  5.83438764e-03  2.62383981e-03
  2.30714050e-03  3.82318509e-03  3.24955811e-03  3.29241407e-03
 -8.77554233e-05  5.14368359e-04  1.36284183e-03 -6.50911086e-04
  1.49452900e-03  2.39010302e-03  1.04147398e-03  1.64604997e-03
  5.58577006e-03  2.27940605e-03  3.58908959e-03  2.77632122e-03
  2.46918169e-03  1.96377042e-03  2.57408401e-03  3.72639431e-03
  1.79762326e-03  1.39856205e-03  1.59339065e-03  2.41035304e-03
  2.50749486e-03  5.62660127e-03  1.59362550e-03  1.53110118e-03
  1.96551971e-03  2.04601411e-03  3.14738876e-03 -9.86481425e-05
  3.88449628e-04  1.41573611e-03  2.43152399e-03  7.34064337e-04
  2.74581225e-03  1.88748645e-03  1.85715642e-03  3.15971308e-03
  3.69676382e-03  2.26672847e-03  3.88338873e-03  6.38124852e-04
  3.17530954e-03  2.20694194e-03  1.77597606e-03  2.56763187e-03
 -3.49055994e-04  3.80926237e-03  2.06555139e-03  3.16977696e-03
  3.51731041e-03  1.10715982e-03  1.35744775e-03  3.89741864e-03
 -8.20531602e-04  3.22164536e-03  5.01995113e-03  3.52363868e-03
  3.37697423e-03  3.64432221e-03  1.08622917e-03  5.70224683e-03
  3.48613234e-03  1.80154896e-03  2.96866723e-03  3.50681867e-03
  1.14615044e-03  2.16047998e-03  2.80464627e-03  5.69407527e-03
  3.77795220e-03  1.65308711e-03  2.59415142e-03  1.98134805e-03
  3.79624453e-03  2.02332647e-03  3.73019639e-03  3.12295841e-04
  2.92455622e-04  2.10117679e-03  2.47317260e-03  1.99715061e-03
  1.79297423e-03  3.78153929e-03  2.73140655e-03  4.37362909e-03
  3.84508009e-03  5.35761761e-03  2.38850764e-03  5.43370446e-03
  2.04887977e-03  2.15094288e-03  1.67174492e-03  2.89326117e-03
  1.60717389e-04  4.28578008e-03  4.11727936e-03  4.25885518e-03
  3.07026555e-03  2.24841445e-03  3.90974728e-03  8.25362355e-04
  3.14684539e-03  6.60861298e-03  2.54487201e-03  2.57440515e-03
  2.89160467e-03  3.27875586e-03  2.33826617e-03  1.40365886e-03
  2.50960315e-03 -1.22255008e-03  3.93226407e-03  8.90696111e-04
  2.01083260e-03  1.53119009e-03  3.69677101e-03  4.76930796e-03
  1.39692069e-03  3.73565401e-03  3.38284143e-03  5.34916126e-03
  4.99683518e-03  3.27203942e-03  2.79077732e-03  3.15384495e-03
  2.20870959e-03  4.42303420e-03  2.61551191e-03  4.48307052e-03
  1.44657510e-03  3.29022976e-03 -1.40730970e-03  2.69523249e-03
  4.83678835e-04  4.13053866e-03  2.83281459e-03  1.03258450e-03
  3.16825917e-03  1.10915255e-03  4.42154031e-03  4.51558575e-03
 -1.54733624e-03  4.14545036e-03  2.97918305e-03  1.43916970e-03
 -6.56959554e-04  2.27831064e-03  2.14342252e-03  2.60412450e-03
  3.09212241e-04 -1.90208673e-04 -1.55821045e-04 -7.70145013e-04
  2.75754491e-03  3.42520399e-03  1.15838808e-03  3.01851005e-03
  3.10433539e-03  2.64880300e-03 -3.74076634e-04  5.58779076e-03
  1.22691148e-03  2.17574971e-03  1.31374341e-03  2.19822470e-03
  1.31504287e-03  3.15233400e-03  7.22693705e-04  3.57501491e-03
  2.08337229e-03  2.40895835e-03  4.02949037e-03  1.44315733e-03
 -2.08882236e-04  4.37051255e-03  2.85199304e-03  2.93587213e-03
  3.54426486e-03  2.74346947e-04  4.81159129e-03  3.41040066e-03
  2.43834094e-03  2.12425565e-03 -3.14755319e-05  3.64104782e-03
  1.39292769e-03  4.66399950e-03  1.45784410e-05  4.26899276e-03
  2.00049361e-03  1.35186250e-03  1.11743596e-03  6.49085459e-04
  1.99519501e-03  3.22881838e-03  1.40184822e-04  5.39547209e-03
  8.85195722e-04  5.22014869e-04  3.06291042e-03  1.46114393e-03
  4.75009364e-03  5.51865025e-04  4.22683283e-03  5.17908245e-03
  2.27170755e-03  3.11359200e-03 -2.22338996e-04  4.08843459e-03
  3.12618266e-03  4.19551075e-03  3.36109474e-03  2.24943450e-03
  1.81518612e-03  1.80746580e-03  3.91256240e-03  2.26767170e-03
  3.30810467e-03  1.50963493e-03  3.98934095e-03  2.18511711e-03
  9.06999444e-04  2.79734602e-03  5.35073382e-04  1.35456592e-03
  1.01920644e-03 -1.22166729e-03  3.39849091e-04 -1.65150062e-04
  3.54153691e-03  6.09149986e-03  1.23780703e-03  1.92009536e-03
  3.66337847e-03 -8.80332694e-05  2.10861098e-03  1.86779222e-03
  2.59450128e-03  1.81736806e-03  2.22842071e-03  3.71338757e-03
  2.54966206e-03  2.47501200e-03  3.74561962e-03  2.39334038e-03
  1.57738387e-03  2.48964973e-03  2.13287113e-03  1.86455251e-03
  2.11856215e-03  1.82384775e-03  2.30332194e-03  4.16527613e-03
  2.99102905e-03  2.62837982e-03  9.76731760e-04  4.60209137e-03
  1.66544618e-03  2.84041224e-03  3.72721107e-03  3.90989602e-03
  2.55898395e-03  2.50645342e-03  1.00292419e-03  1.44218311e-03
  1.22134817e-03  9.24589930e-04  1.39339542e-03  2.77794390e-03
  2.41533284e-03  4.72356527e-05  2.74206765e-03  2.39401567e-03
  6.65124536e-04  4.83835694e-03  2.51359692e-03  1.82430818e-03
  4.20383833e-03  1.19756422e-03 -1.64401921e-03  2.65412389e-03
  2.56997641e-03  2.60611597e-03  2.14363969e-03  1.19451575e-03
  5.97038643e-03  1.57124394e-03  3.04674786e-03  2.63751520e-03
 -9.88268380e-04  4.73838982e-03  7.34226771e-04  2.56407229e-04
  2.62202982e-03  1.97067052e-03  8.12893186e-04  2.06821910e-03
  1.35190305e-03  3.82214189e-03  2.07506574e-03  3.19445421e-03
  8.90318976e-04  1.73318686e-03  4.92614281e-03  3.55940208e-03
  2.48810292e-03  3.34168456e-03  2.10780146e-03  1.67023863e-03
  1.71886695e-03  6.03273367e-04  1.81031159e-03 -2.21478662e-04
  3.77078514e-03  4.28972338e-03  4.94452875e-03  2.94721681e-03
  2.32806213e-03  1.03768665e-03  1.24445350e-03 -2.90001165e-04
  3.53672105e-03  5.18040001e-03  3.95786957e-04  6.01563395e-04
  4.61562147e-03  2.34241109e-03  2.00952669e-03  3.35188062e-03
  2.16940775e-03  1.21876610e-03  2.29018699e-03  5.22638842e-06
  3.28563902e-03  2.45453300e-03  3.51523522e-03 -1.36812262e-03
  1.98140194e-03  2.36223172e-03  3.04429905e-03  2.92140476e-03
  2.08342142e-03 -6.19794554e-04  1.65954862e-03  1.06351628e-03
  2.98509664e-03  1.91514436e-03  1.91926149e-03  2.59825936e-03
  1.96561935e-03  1.99420312e-03  2.67634140e-03  1.11052114e-03
  3.40096708e-03  2.92123368e-03  2.07860262e-03  4.09751448e-03
  1.63059103e-03  1.89015731e-03  3.45090582e-03  1.82454963e-03
  9.01690415e-04  2.58986432e-03  3.34827112e-03  1.27880227e-03
 -3.87970285e-05  2.49985467e-03  3.23746111e-03  1.55951541e-03
  1.93426199e-03  5.05503294e-03  3.57894198e-03  5.74627560e-04
  1.73648804e-03  2.46146123e-03  2.97735357e-03  1.74145986e-03
  2.03727043e-03  5.19927035e-03  2.25787637e-03  2.02394643e-03
  1.95663765e-03  3.57658737e-03  3.71748455e-03  4.89870425e-03
  1.86164260e-03  3.08683772e-03  1.43478415e-03  1.18573615e-03
  1.63894623e-03  2.55909683e-03  1.61620511e-03  4.91602873e-03
  4.88041936e-03  2.45172802e-04  3.65164704e-03  2.10665382e-03
  2.58360587e-03  3.49976972e-03  5.63651055e-03  3.13108747e-03
  2.70867375e-03  3.82505902e-03  2.13964641e-03  1.09817051e-03
  1.51405990e-03  4.03159247e-03  3.38530534e-03  2.03262689e-03
  3.62129296e-03  3.39623757e-03  2.02084070e-03  2.45996501e-03
  2.30233266e-03  2.94130173e-03  4.02326315e-03  4.02809427e-03
  2.86159979e-03  1.75660781e-03  3.66641592e-03  1.48341308e-03
  3.99432330e-03  2.22223169e-03  2.19632067e-03 -2.40265195e-04
  4.36352043e-03  5.20046872e-04  4.30425288e-03  3.07912374e-03
  1.01625335e-03  5.99863119e-04  9.25872565e-04  2.54914893e-03
  5.67252810e-03  3.66414487e-03  4.30556184e-04  2.07033217e-03
  4.41496093e-03  1.05145441e-03  2.74684808e-03  2.84060776e-03
 -4.50424973e-04 -1.89185193e-06  4.36576049e-04  1.81433555e-05
  1.49609696e-03  2.06212580e-03  2.85451141e-03  8.08882070e-04
  3.44408734e-03  2.24866352e-03  3.47841699e-04  5.50045177e-04
  1.82211117e-03  1.67325071e-03  3.99737521e-03  2.52413779e-03
  6.11138687e-03 -7.37646707e-04  4.74517668e-04  3.30717465e-03
  7.39339371e-04  2.01985900e-03  4.44452539e-03  3.33113489e-03
  2.92346227e-03  2.41386590e-03  3.16751484e-03  2.88744301e-03
  1.16356962e-03  4.55319366e-03  4.25074922e-03  8.10906374e-04
  1.41616554e-03  3.37755367e-03  8.96870459e-04  2.36323993e-03
  2.23724277e-03  2.07526973e-03  1.86804067e-03  4.62341730e-03
  2.68509733e-03  2.43769464e-03  3.29179359e-03  9.56033877e-04
  1.33699918e-03  2.60086920e-03 -1.98455267e-03  2.89841489e-03
  1.43774345e-03  4.23730991e-03  3.52678664e-03  1.81586337e-03
  6.68871324e-04  9.59717741e-04  2.89444721e-03  3.94190881e-03
  2.58135516e-03  3.01566532e-03  1.55568131e-03  4.15191447e-03
  1.69641083e-03  3.04472046e-03  3.28634672e-03  1.46939583e-03
  4.02101651e-03  2.68691003e-03  3.53200303e-03  3.26355808e-03
  1.48541853e-03 -2.43340092e-04  1.54319850e-03  2.16884073e-03
  1.80510404e-03  3.52033280e-03  2.56696912e-03  2.00163278e-03
  2.88706712e-03  2.97474711e-03 -1.80429989e-04  4.64045290e-03
  1.93085154e-03  2.16567878e-03  3.13974110e-03  5.04057478e-03
  5.46156207e-03  4.76205852e-03  1.93920093e-03  1.39556791e-03
  1.71484848e-03  1.96744321e-04  1.69233145e-03  1.57375457e-03
  3.15215970e-03  3.53747810e-03  2.42040384e-03  3.08849571e-03
  1.14387894e-03  4.40022429e-03  2.91011109e-03  1.87884306e-03
  2.56799731e-03  5.67307812e-04  2.06038991e-03  2.12578189e-03
  4.45714194e-03  9.47697125e-04 -2.20271607e-04 -5.74065960e-04
  5.79255507e-04  3.76244909e-03  2.34007123e-03  2.63735050e-03
 -1.47578354e-03  3.54799670e-03  1.79620262e-03  3.67085976e-03
 -8.09313492e-04  2.47991972e-03  1.14399150e-03  6.01671091e-03
  3.11685369e-03  5.97538126e-04  8.12354372e-04  3.37978259e-03
  2.83494423e-03  8.52154606e-04  2.05581847e-03  1.44971841e-03
  1.50665974e-03  4.87826096e-03  4.44461335e-03  3.22694398e-03
  8.91723635e-04  2.53520827e-03  4.55101083e-03  5.26826304e-03
  2.67639275e-03 -3.33789615e-06 -8.30717466e-04  4.56104276e-03
  2.62214681e-03  3.52847563e-03  3.08326027e-03  2.03285458e-03
  2.98186905e-03  2.66058606e-03  9.64229549e-04  1.28651460e-03
 -1.08591193e-03  4.68110313e-03  1.34392919e-03  3.88396677e-04
  2.45479247e-03  2.63719560e-03  2.50349702e-03  3.69474696e-03
  8.77731833e-04  3.53989675e-03  1.88161247e-03  1.48993010e-03
  3.69300959e-03  2.50542098e-03 -1.79833723e-03  6.69560372e-04
  1.71167587e-03  2.06572336e-03  5.58860841e-03 -2.06726919e-04
  2.64492154e-03  5.07672701e-03  7.73270467e-04  1.44483578e-03
  6.27897032e-03  2.88742946e-03  4.03033049e-03  2.82487122e-03
 -1.83162546e-04  2.89998076e-03  5.12244302e-03  1.34606539e-03
  1.64322085e-03  3.64573212e-03  2.21942154e-03  2.65337895e-03
  3.40556584e-03  1.61086203e-03  9.95240338e-04  1.61294637e-04
 -2.48971743e-04  1.91898116e-03  4.27846998e-03  4.40035411e-03
  3.83930604e-03  1.48052371e-03  1.50888923e-03  1.91630072e-03
 -1.49584330e-04  2.15862687e-03  2.45377423e-04  1.32698572e-03
  9.58046753e-04  1.78435616e-03  1.76483028e-03  2.51394735e-03
  2.27632050e-03  5.76242014e-04  1.29505999e-03  7.09756202e-04
  3.74638145e-03  2.44203877e-03  5.26469726e-04  1.44409962e-03
  1.37922662e-03  2.05964680e-03  4.15697338e-03  2.82931643e-03
  3.23040879e-03  1.60672414e-03  6.08156089e-03  4.34859959e-03
  1.71324186e-03  3.72953790e-03  3.12907045e-03  4.23628309e-03
  6.65469923e-04  1.12338217e-03  4.02599175e-03  3.20816094e-03
  4.37046586e-03  1.15239282e-03  2.62479616e-03  1.06667089e-03
 -1.11480648e-03  1.87495032e-03  3.32884062e-03  2.85343556e-03
  3.46950734e-03  9.75556943e-04  5.01486881e-03  2.62550168e-03
  3.52562804e-03  2.06455981e-03  2.74468793e-03  8.48435680e-04
  3.07502949e-03  3.89614417e-03  1.71680929e-03  2.64319634e-03
  1.26716322e-03  4.10803718e-03  1.76707649e-03  2.08140214e-03
  3.55309471e-03  5.61903150e-03  2.82404578e-03  1.12827794e-03
  2.22803877e-03  2.29256631e-03  2.79864768e-03  2.70428788e-03
  2.01931861e-03  3.37112981e-03  3.78000915e-03 -9.33722264e-04
  1.84355209e-03  5.03782480e-03  2.12013405e-03  3.10753807e-03
  2.01658792e-03  2.82466413e-03  1.88839351e-03  2.71963380e-03
  2.33742851e-03  3.27985515e-03  1.39308940e-03  1.62681680e-03
  4.74671387e-03  2.55617987e-03  3.69027024e-03  2.83784606e-03
  2.64013155e-03  1.84759613e-03 -2.58440812e-03  2.83371333e-03
  4.97255500e-03  3.24761887e-03  5.94070550e-03  3.92939295e-03
  8.83148229e-04  3.49520380e-03  3.46160957e-03  9.76737028e-04
  2.78578633e-03  3.02950450e-03  2.34290888e-03  2.87335154e-03
  2.63613502e-03 -3.19193095e-04 -6.81105745e-04  3.72150687e-03
  3.44719603e-04  4.06767858e-03  2.66927517e-03  1.83856279e-03
  2.14482004e-03  2.04883397e-03  2.78955335e-03  4.84554558e-03
  5.00410495e-03  2.59304111e-03  4.04026631e-03  2.38048000e-03
  2.97114178e-03  4.41747529e-03  4.02605374e-04  4.13884428e-03
  2.10182703e-03  2.40354607e-03  2.69981158e-03  4.59367090e-03
  5.17512398e-03  2.22851538e-03  9.02975661e-04  2.82204549e-03
  3.85585396e-03  3.46188435e-03  1.73129792e-04  6.32481050e-03
  2.03424433e-03  1.96184516e-03  7.60704448e-04  2.45094501e-03
 -4.34955277e-05  7.05895985e-04  1.52157682e-03  2.25959144e-03
  1.91122206e-03 -9.29377293e-04  2.47088628e-03  3.37371609e-03
  1.99769638e-03  3.93672009e-03  3.53167282e-03  2.26779825e-03
  3.37908615e-03  2.47493432e-03  1.31438032e-03  1.88349716e-03
  4.65846018e-03  2.01419162e-03  3.37669179e-03  3.47920044e-03
  1.36645922e-04  1.95264743e-03  2.35283552e-03 -2.53674639e-04
  1.96054326e-03  1.71788776e-04  4.22639233e-03  3.91195101e-03
  3.49811212e-03  2.71412669e-03 -6.92735105e-05  3.74749051e-03
  2.49382180e-03  3.93795344e-03  2.98734651e-03  6.39224241e-03
  2.13911239e-03  2.71973124e-03  2.14785727e-05  1.83897390e-03
  1.50435101e-03  2.08074608e-03  3.06753953e-03  2.07693368e-03
  2.98243750e-03  4.41664699e-03  2.48747453e-03  2.07235898e-04
  3.62950746e-03  2.90727427e-03  4.64478115e-03  2.16964073e-03
  2.26557736e-03  1.61291701e-03  3.58261521e-03  7.84606914e-04
  1.77225443e-03  1.72556672e-03  2.02604444e-03  2.48832871e-03
  3.22476009e-03  4.38012918e-03  1.83449673e-03 -4.78178730e-05
  5.09789832e-03  3.53651000e-03  4.09471771e-03  4.71301901e-03
  4.57783784e-03  2.89940044e-03  4.87053024e-03  1.44473428e-03
  3.32786146e-05  1.46140805e-03  7.66174735e-05  3.94322661e-03
 -1.10067288e-03  2.72467899e-03  1.17977673e-03  3.71308130e-03
  1.66528824e-03 -2.38403290e-04  2.11157559e-03  1.44384314e-03
  1.71410734e-03  3.99089304e-03  4.30610948e-03  3.86697253e-03
  3.51978334e-03  4.26488308e-03  1.05047251e-03  7.05400590e-04
  1.85232042e-03  2.20749426e-03  1.93638147e-03  4.48402546e-03
  5.06877207e-03  5.34745177e-04  4.83711988e-03  2.64434133e-03
  2.00369349e-03  4.14548762e-03  3.91079240e-03  1.68033545e-03
  8.63470473e-04  4.51496100e-04  4.44525629e-03 -4.98277522e-04
  1.80117748e-03  2.05973220e-03  1.12341730e-03  3.96393043e-03
  3.03220139e-03  5.45824589e-03  3.45796573e-03  4.43435541e-03
  3.12084649e-03  1.57942511e-03  4.28767567e-03  6.66618437e-04
  2.12081596e-03  2.04513286e-03  2.42160916e-03  4.11083870e-03
  2.02334896e-03  4.51029677e-04  2.49436131e-03  4.75793011e-03
  8.95344789e-04  2.89537283e-03 -7.12397879e-04  2.62919074e-03
  4.01224887e-03  2.15951842e-04  2.29119803e-03  2.00313520e-03
  4.03460822e-05  1.44057430e-03  2.60607084e-03  6.52243307e-04
  5.00363622e-03  6.02301591e-04  1.68188328e-04  3.63705261e-03
  3.32942789e-03  2.94575197e-03  1.65160557e-04  3.71223556e-03
  2.03493669e-03  2.15490528e-03  3.81595601e-03  1.41731215e-03
  4.74621498e-03  3.89560579e-03  2.52169806e-03  4.99986864e-03
  4.73904303e-03  2.96105002e-03  9.42659715e-04  3.31504748e-03
  1.55969274e-03  5.82197096e-04  1.67089664e-03  1.14303968e-03
  2.26863283e-03  5.33139926e-04  2.15359861e-03  1.74669775e-03
  2.48727195e-03  5.54797954e-04  2.08495474e-03  3.37052853e-03
  1.97037053e-03  2.04178080e-03  3.66743818e-03  2.43655048e-03
  2.74241013e-03  4.25838223e-03  1.17084367e-03  7.01446515e-04
  1.49384339e-03  2.10751852e-03  5.00083360e-03 -3.90376710e-04
  2.49946613e-03  4.35239584e-04 -1.20032198e-03 -1.24506565e-03
  1.89128967e-03  2.53416329e-03  1.88347465e-03  4.11075503e-03
 -3.00685412e-05  1.62865273e-03  2.61662949e-03  4.15995297e-03
  3.74626846e-03  3.08884569e-03  2.70058604e-03  1.91271980e-03
  2.54698363e-03  3.19787273e-03  4.09861209e-03  1.63092399e-03]
P-value (AUC model 2 > model 1): 0.0650000000
